C:\USERS\TRAVIS\DOCUMENTS\VISUAL STUDIO 2012\PROJECTS\PONGSOLUTION\PONGLIBRARY\DEBUG\BALL.OBJ
C:\USERS\TRAVIS\DOCUMENTS\VISUAL STUDIO 2012\PROJECTS\PONGSOLUTION\PONGLIBRARY\DEBUG\CALCULATOR.OBJ
C:\USERS\TRAVIS\DOCUMENTS\VISUAL STUDIO 2012\PROJECTS\PONGSOLUTION\PONGLIBRARY\DEBUG\GAMEDATA.OBJ
C:\USERS\TRAVIS\DOCUMENTS\VISUAL STUDIO 2012\PROJECTS\PONGSOLUTION\PONGLIBRARY\DEBUG\HEALTHPACK.OBJ
C:\USERS\TRAVIS\DOCUMENTS\VISUAL STUDIO 2012\PROJECTS\PONGSOLUTION\PONGLIBRARY\DEBUG\PADDLE.OBJ
C:\USERS\TRAVIS\DOCUMENTS\VISUAL STUDIO 2012\PROJECTS\PONGSOLUTION\PONGLIBRARY\DEBUG\PADDLEUPDATE.OBJ
C:\USERS\TRAVIS\DOCUMENTS\VISUAL STUDIO 2012\PROJECTS\PONGSOLUTION\PONGLIBRARY\DEBUG\TIMESYNC.OBJ
C:\USERS\TRAVIS\DOCUMENTS\VISUAL STUDIO 2012\PROJECTS\PONGSOLUTION\PONGLIBRARY\DEBUG\VC110.PDB
C:\USERS\TRAVIS\DOCUMENTS\VISUAL STUDIO 2012\PROJECTS\PONGSOLUTION\DEBUG\PONGLIBRARY.LIB
C:\Users\Travis\Documents\Visual Studio 2012\Projects\PongSolution\PongLibrary\Debug\Ball.obj
C:\Users\Travis\Documents\Visual Studio 2012\Projects\PongSolution\PongLibrary\Debug\Calculator.obj
C:\Users\Travis\Documents\Visual Studio 2012\Projects\PongSolution\PongLibrary\Debug\GameData.obj
C:\Users\Travis\Documents\Visual Studio 2012\Projects\PongSolution\PongLibrary\Debug\HealthPack.obj
C:\Users\Travis\Documents\Visual Studio 2012\Projects\PongSolution\PongLibrary\Debug\Paddle.obj
C:\Users\Travis\Documents\Visual Studio 2012\Projects\PongSolution\PongLibrary\Debug\PaddleUpdate.obj
C:\Users\Travis\Documents\Visual Studio 2012\Projects\PongSolution\PongLibrary\Debug\TimeSync.obj
C:\Users\Travis\Documents\Visual Studio 2012\Projects\PongSolution\PongLibrary\Debug\cl.command.1.tlog
C:\Users\Travis\Documents\Visual Studio 2012\Projects\PongSolution\PongLibrary\Debug\CL.read.1.tlog
C:\Users\Travis\Documents\Visual Studio 2012\Projects\PongSolution\PongLibrary\Debug\CL.write.1.tlog
C:\Users\Travis\Documents\Visual Studio 2012\Projects\PongSolution\PongLibrary\Debug\Lib-link.read.1.tlog
C:\Users\Travis\Documents\Visual Studio 2012\Projects\PongSolution\PongLibrary\Debug\Lib-link.write.1.tlog
C:\Users\Travis\Documents\Visual Studio 2012\Projects\PongSolution\PongLibrary\Debug\lib.command.1.tlog
C:\Users\Travis\Documents\Visual Studio 2012\Projects\PongSolution\PongLibrary\Debug\vc110.idb
C:\Users\Travis\Documents\Visual Studio 2012\Projects\PongSolution\PongLibrary\Debug\vc110.pdb
C:\Users\Travis\Documents\Visual Studio 2012\Projects\PongSolution\Debug\PongLibrary.lib
