C:\USERS\TRAVIS\DOCUMENTS\VISUAL STUDIO 2012\PROJECTS\PONGSOLUTION\PONGCLIENT\RELEASE\CNETWORKCONTROLLER.OBJ
C:\USERS\TRAVIS\DOCUMENTS\VISUAL STUDIO 2012\PROJECTS\PONGSOLUTION\PONGCLIENT\RELEASE\CLIENTSTART.OBJ
C:\USERS\TRAVIS\DOCUMENTS\VISUAL STUDIO 2012\PROJECTS\PONGSOLUTION\PONGCLIENT\RELEASE\CLIENTENGINE.OBJ
C:\USERS\TRAVIS\DOCUMENTS\VISUAL STUDIO 2012\PROJECTS\PONGSOLUTION\PONGCLIENT\RELEASE\VC110.PDB
C:\USERS\TRAVIS\DOCUMENTS\VISUAL STUDIO 2012\PROJECTS\PONGSOLUTION\RELEASE\PONGCLIENT.EXE
C:\USERS\TRAVIS\DOCUMENTS\VISUAL STUDIO 2012\PROJECTS\PONGSOLUTION\RELEASE\PONGCLIENT.PDB
C:\Users\Travis\Documents\Visual Studio 2012\Projects\PongSolution\PongClient\Release\ClientEngine.obj
C:\Users\Travis\Documents\Visual Studio 2012\Projects\PongSolution\PongClient\Release\ClientStart.obj
C:\Users\Travis\Documents\Visual Studio 2012\Projects\PongSolution\PongClient\Release\CNetworkController.obj
C:\Users\Travis\Documents\Visual Studio 2012\Projects\PongSolution\PongClient\Release\cl.command.1.tlog
C:\Users\Travis\Documents\Visual Studio 2012\Projects\PongSolution\PongClient\Release\CL.read.1.tlog
C:\Users\Travis\Documents\Visual Studio 2012\Projects\PongSolution\PongClient\Release\CL.write.1.tlog
C:\Users\Travis\Documents\Visual Studio 2012\Projects\PongSolution\PongClient\Release\link-cvtres.read.1.tlog
C:\Users\Travis\Documents\Visual Studio 2012\Projects\PongSolution\PongClient\Release\link-cvtres.write.1.tlog
C:\Users\Travis\Documents\Visual Studio 2012\Projects\PongSolution\PongClient\Release\link-rc.read.1.tlog
C:\Users\Travis\Documents\Visual Studio 2012\Projects\PongSolution\PongClient\Release\link-rc.write.1.tlog
C:\Users\Travis\Documents\Visual Studio 2012\Projects\PongSolution\PongClient\Release\link.command.1.tlog
C:\Users\Travis\Documents\Visual Studio 2012\Projects\PongSolution\PongClient\Release\link.read.1.tlog
C:\Users\Travis\Documents\Visual Studio 2012\Projects\PongSolution\PongClient\Release\link.write.1.tlog
C:\Users\Travis\Documents\Visual Studio 2012\Projects\PongSolution\PongClient\Release\vc110.pdb
C:\Users\Travis\Documents\Visual Studio 2012\Projects\PongSolution\Release\PongClient.pdb
C:\Users\Travis\Documents\Visual Studio 2012\Projects\PongSolution\Release\PongClient.exe
