C:\USERS\TRAVIS\DOCUMENTS\VISUAL STUDIO 2012\PROJECTS\PONGSOLUTION\PONGCLIENT\DEBUG\CLIENTENGINE.OBJ
C:\USERS\TRAVIS\DOCUMENTS\VISUAL STUDIO 2012\PROJECTS\PONGSOLUTION\PONGCLIENT\DEBUG\CLIENTSTART.OBJ
C:\USERS\TRAVIS\DOCUMENTS\VISUAL STUDIO 2012\PROJECTS\PONGSOLUTION\PONGCLIENT\DEBUG\CNETWORKCONTROLLER.OBJ
C:\USERS\TRAVIS\DOCUMENTS\VISUAL STUDIO 2012\PROJECTS\PONGSOLUTION\PONGCLIENT\DEBUG\VC110.PDB
C:\USERS\TRAVIS\DOCUMENTS\VISUAL STUDIO 2012\PROJECTS\PONGSOLUTION\DEBUG\PONGCLIENT.ILK
C:\USERS\TRAVIS\DOCUMENTS\VISUAL STUDIO 2012\PROJECTS\PONGSOLUTION\DEBUG\PONGCLIENT.EXE
C:\USERS\TRAVIS\DOCUMENTS\VISUAL STUDIO 2012\PROJECTS\PONGSOLUTION\DEBUG\PONGCLIENT.PDB
C:\Users\Travis\Documents\Visual Studio 2012\Projects\PongSolution\PongClient\Debug\PongClient.vcxprojResolveAssemblyReference.cache
C:\Users\Travis\Documents\Visual Studio 2012\Projects\PongSolution\PongClient\Debug\ClientEngine.obj
C:\Users\Travis\Documents\Visual Studio 2012\Projects\PongSolution\PongClient\Debug\ClientStart.obj
C:\Users\Travis\Documents\Visual Studio 2012\Projects\PongSolution\PongClient\Debug\CNetworkController.obj
C:\Users\Travis\Documents\Visual Studio 2012\Projects\PongSolution\PongClient\Debug\cl.command.1.tlog
C:\Users\Travis\Documents\Visual Studio 2012\Projects\PongSolution\PongClient\Debug\CL.read.1.tlog
C:\Users\Travis\Documents\Visual Studio 2012\Projects\PongSolution\PongClient\Debug\CL.write.1.tlog
C:\Users\Travis\Documents\Visual Studio 2012\Projects\PongSolution\PongClient\Debug\link-cvtres.read.1.tlog
C:\Users\Travis\Documents\Visual Studio 2012\Projects\PongSolution\PongClient\Debug\link-cvtres.write.1.tlog
C:\Users\Travis\Documents\Visual Studio 2012\Projects\PongSolution\PongClient\Debug\link-rc.read.1.tlog
C:\Users\Travis\Documents\Visual Studio 2012\Projects\PongSolution\PongClient\Debug\link-rc.write.1.tlog
C:\Users\Travis\Documents\Visual Studio 2012\Projects\PongSolution\PongClient\Debug\link.3284-cvtres.read.1.tlog
C:\Users\Travis\Documents\Visual Studio 2012\Projects\PongSolution\PongClient\Debug\link.3284-cvtres.write.1.tlog
C:\Users\Travis\Documents\Visual Studio 2012\Projects\PongSolution\PongClient\Debug\link.3284-rc.read.1.tlog
C:\Users\Travis\Documents\Visual Studio 2012\Projects\PongSolution\PongClient\Debug\link.3284-rc.write.1.tlog
C:\Users\Travis\Documents\Visual Studio 2012\Projects\PongSolution\PongClient\Debug\link.3284.read.1.tlog
C:\Users\Travis\Documents\Visual Studio 2012\Projects\PongSolution\PongClient\Debug\link.3284.read.2.tlog
C:\Users\Travis\Documents\Visual Studio 2012\Projects\PongSolution\PongClient\Debug\link.3284.write.1.tlog
C:\Users\Travis\Documents\Visual Studio 2012\Projects\PongSolution\PongClient\Debug\link.command.1.tlog
C:\Users\Travis\Documents\Visual Studio 2012\Projects\PongSolution\PongClient\Debug\link.read.1.tlog
C:\Users\Travis\Documents\Visual Studio 2012\Projects\PongSolution\PongClient\Debug\link.read.2.tlog
C:\Users\Travis\Documents\Visual Studio 2012\Projects\PongSolution\PongClient\Debug\link.write.1.tlog
C:\Users\Travis\Documents\Visual Studio 2012\Projects\PongSolution\PongClient\Debug\vc110.idb
C:\Users\Travis\Documents\Visual Studio 2012\Projects\PongSolution\PongClient\Debug\vc110.pdb
C:\Users\Travis\Documents\Visual Studio 2012\Projects\PongSolution\Debug\PongClient.pdb
C:\Users\Travis\Documents\Visual Studio 2012\Projects\PongSolution\Debug\PongClient.exe
C:\Users\Travis\Documents\Visual Studio 2012\Projects\PongSolution\Debug\PongClient.ilk
