Build started 3/17/2014 4:17:43 PM.
     1>Project "C:\Users\Travis\Documents\Visual Studio 2012\Projects\PongSolution\PongServer\PongServer.vcxproj" on node 3 (Build target(s)).
     1>ClCompile:
         C:\Program Files (x86)\Microsoft Visual Studio 11.0\VC\bin\CL.exe /c /I"C:\Users\Travis\Documents\Visual Studio 2012\Projects\PongSolution\PongServer\..\Middleware\include" /I"C:\Users\Travis\Documents\Visual Studio 2012\Projects\PongSolution\PongServer\..\PongLibrary" /Zi /nologo /W3 /WX- /O2 /Oi /Oy- /GL /D SFML_STATIC /D _MBCS /Gm- /EHsc /MD /GS /Gy /fp:precise /Zc:wchar_t /Zc:forScope /Fo"Release\\" /Fd"Release\vc110.pdb" /Gd /TP /analyze- /errorReport:prompt ClientHandler.cpp ServerStart.cpp SNetworkController.cpp ServerEngine.cpp
         ClientHandler.cpp
         ServerStart.cpp
         SNetworkController.cpp
         ServerEngine.cpp
       Link:
         C:\Program Files (x86)\Microsoft Visual Studio 11.0\VC\bin\link.exe /ERRORREPORT:PROMPT /OUT:"C:\Users\Travis\Documents\Visual Studio 2012\Projects\PongSolution\Release\PongServer.exe" /NOLOGO /LIBPATH:"C:\Users\Travis\Documents\Visual Studio 2012\Projects\PongSolution\PongServer\..\Middleware\lib" "sfml-graphics-s.lib" "sfml-network-s.lib" "sfml-system-s.lib" "sfml-audio-s.lib" "sfml-window-s.lib" kernel32.lib user32.lib gdi32.lib winspool.lib comdlg32.lib advapi32.lib shell32.lib ole32.lib oleaut32.lib uuid.lib odbc32.lib odbccp32.lib /MANIFEST /MANIFESTUAC:"level='asInvoker' uiAccess='false'" /manifest:embed /DEBUG /PDB:"C:\Users\Travis\Documents\Visual Studio 2012\Projects\PongSolution\Release\PongServer.pdb" /OPT:REF /OPT:ICF /LTCG /TLBID:1 /DYNAMICBASE /NXCOMPAT /IMPLIB:"C:\Users\Travis\Documents\Visual Studio 2012\Projects\PongSolution\Release\PongServer.lib" /MACHINE:X86 /SAFESEH Release\ClientHandler.obj
         Release\ServerStart.obj
         Release\SNetworkController.obj
         Release\ServerEngine.obj
         "C:\Users\Travis\Documents\Visual Studio 2012\Projects\PongSolution\Release\PongLibrary.lib"
         Generating code
         Finished generating code
         PongServer.vcxproj -> C:\Users\Travis\Documents\Visual Studio 2012\Projects\PongSolution\Release\PongServer.exe
     1>Done Building Project "C:\Users\Travis\Documents\Visual Studio 2012\Projects\PongSolution\PongServer\PongServer.vcxproj" (Build target(s)).

Build succeeded.

Time Elapsed 00:00:03.50
