C:\USERS\TRAVIS\DOCUMENTS\VISUAL STUDIO 2012\PROJECTS\PONGSOLUTION\PONGSERVER\RELEASE\SERVERENGINE.OBJ
C:\USERS\TRAVIS\DOCUMENTS\VISUAL STUDIO 2012\PROJECTS\PONGSOLUTION\PONGSERVER\RELEASE\SNETWORKCONTROLLER.OBJ
C:\USERS\TRAVIS\DOCUMENTS\VISUAL STUDIO 2012\PROJECTS\PONGSOLUTION\PONGSERVER\RELEASE\SERVERSTART.OBJ
C:\USERS\TRAVIS\DOCUMENTS\VISUAL STUDIO 2012\PROJECTS\PONGSOLUTION\PONGSERVER\RELEASE\CLIENTHANDLER.OBJ
C:\USERS\TRAVIS\DOCUMENTS\VISUAL STUDIO 2012\PROJECTS\PONGSOLUTION\PONGSERVER\RELEASE\VC110.PDB
C:\USERS\TRAVIS\DOCUMENTS\VISUAL STUDIO 2012\PROJECTS\PONGSOLUTION\RELEASE\PONGSERVER.EXE
C:\USERS\TRAVIS\DOCUMENTS\VISUAL STUDIO 2012\PROJECTS\PONGSOLUTION\RELEASE\PONGSERVER.PDB
C:\Users\Travis\Documents\Visual Studio 2012\Projects\PongSolution\PongServer\Release\ClientHandler.obj
C:\Users\Travis\Documents\Visual Studio 2012\Projects\PongSolution\PongServer\Release\ServerEngine.obj
C:\Users\Travis\Documents\Visual Studio 2012\Projects\PongSolution\PongServer\Release\ServerStart.obj
C:\Users\Travis\Documents\Visual Studio 2012\Projects\PongSolution\PongServer\Release\SNetworkController.obj
C:\Users\Travis\Documents\Visual Studio 2012\Projects\PongSolution\PongServer\Release\cl.command.1.tlog
C:\Users\Travis\Documents\Visual Studio 2012\Projects\PongSolution\PongServer\Release\CL.read.1.tlog
C:\Users\Travis\Documents\Visual Studio 2012\Projects\PongSolution\PongServer\Release\CL.write.1.tlog
C:\Users\Travis\Documents\Visual Studio 2012\Projects\PongSolution\PongServer\Release\link-cvtres.read.1.tlog
C:\Users\Travis\Documents\Visual Studio 2012\Projects\PongSolution\PongServer\Release\link-cvtres.write.1.tlog
C:\Users\Travis\Documents\Visual Studio 2012\Projects\PongSolution\PongServer\Release\link-rc.read.1.tlog
C:\Users\Travis\Documents\Visual Studio 2012\Projects\PongSolution\PongServer\Release\link-rc.write.1.tlog
C:\Users\Travis\Documents\Visual Studio 2012\Projects\PongSolution\PongServer\Release\link.command.1.tlog
C:\Users\Travis\Documents\Visual Studio 2012\Projects\PongSolution\PongServer\Release\link.read.1.tlog
C:\Users\Travis\Documents\Visual Studio 2012\Projects\PongSolution\PongServer\Release\link.write.1.tlog
C:\Users\Travis\Documents\Visual Studio 2012\Projects\PongSolution\PongServer\Release\vc110.pdb
C:\Users\Travis\Documents\Visual Studio 2012\Projects\PongSolution\Release\PongServer.pdb
C:\Users\Travis\Documents\Visual Studio 2012\Projects\PongSolution\Release\PongServer.exe
