C:\USERS\TRAVIS\DOCUMENTS\VISUAL STUDIO 2012\PROJECTS\PONGSOLUTION\PONGSERVER\DEBUG\CLIENTHANDLER.OBJ
C:\USERS\TRAVIS\DOCUMENTS\VISUAL STUDIO 2012\PROJECTS\PONGSOLUTION\PONGSERVER\DEBUG\SERVERSTART.OBJ
C:\USERS\TRAVIS\DOCUMENTS\VISUAL STUDIO 2012\PROJECTS\PONGSOLUTION\PONGSERVER\DEBUG\SNETWORKCONTROLLER.OBJ
C:\USERS\TRAVIS\DOCUMENTS\VISUAL STUDIO 2012\PROJECTS\PONGSOLUTION\PONGSERVER\DEBUG\SERVERENGINE.OBJ
C:\USERS\TRAVIS\DOCUMENTS\VISUAL STUDIO 2012\PROJECTS\PONGSOLUTION\PONGSERVER\DEBUG\VC110.PDB
C:\USERS\TRAVIS\DOCUMENTS\VISUAL STUDIO 2012\PROJECTS\PONGSOLUTION\DEBUG\PONGSERVER.ILK
C:\USERS\TRAVIS\DOCUMENTS\VISUAL STUDIO 2012\PROJECTS\PONGSOLUTION\DEBUG\PONGSERVER.EXE
C:\USERS\TRAVIS\DOCUMENTS\VISUAL STUDIO 2012\PROJECTS\PONGSOLUTION\DEBUG\PONGSERVER.PDB
C:\Users\Travis\Documents\Visual Studio 2012\Projects\PongSolution\PongServer\Debug\ClientHandler.obj
C:\Users\Travis\Documents\Visual Studio 2012\Projects\PongSolution\PongServer\Debug\ServerEngine.obj
C:\Users\Travis\Documents\Visual Studio 2012\Projects\PongSolution\PongServer\Debug\ServerStart.obj
C:\Users\Travis\Documents\Visual Studio 2012\Projects\PongSolution\PongServer\Debug\SNetworkController.obj
C:\Users\Travis\Documents\Visual Studio 2012\Projects\PongSolution\PongServer\Debug\cl.command.1.tlog
C:\Users\Travis\Documents\Visual Studio 2012\Projects\PongSolution\PongServer\Debug\CL.read.1.tlog
C:\Users\Travis\Documents\Visual Studio 2012\Projects\PongSolution\PongServer\Debug\CL.write.1.tlog
C:\Users\Travis\Documents\Visual Studio 2012\Projects\PongSolution\PongServer\Debug\link-cvtres.read.1.tlog
C:\Users\Travis\Documents\Visual Studio 2012\Projects\PongSolution\PongServer\Debug\link-cvtres.write.1.tlog
C:\Users\Travis\Documents\Visual Studio 2012\Projects\PongSolution\PongServer\Debug\link-rc.read.1.tlog
C:\Users\Travis\Documents\Visual Studio 2012\Projects\PongSolution\PongServer\Debug\link-rc.write.1.tlog
C:\Users\Travis\Documents\Visual Studio 2012\Projects\PongSolution\PongServer\Debug\link.command.1.tlog
C:\Users\Travis\Documents\Visual Studio 2012\Projects\PongSolution\PongServer\Debug\link.read.1.tlog
C:\Users\Travis\Documents\Visual Studio 2012\Projects\PongSolution\PongServer\Debug\link.read.2.tlog
C:\Users\Travis\Documents\Visual Studio 2012\Projects\PongSolution\PongServer\Debug\link.write.1.tlog
C:\Users\Travis\Documents\Visual Studio 2012\Projects\PongSolution\PongServer\Debug\vc110.idb
C:\Users\Travis\Documents\Visual Studio 2012\Projects\PongSolution\PongServer\Debug\vc110.pdb
C:\Users\Travis\Documents\Visual Studio 2012\Projects\PongSolution\Debug\PongServer.pdb
C:\Users\Travis\Documents\Visual Studio 2012\Projects\PongSolution\Debug\PongServer.exe
C:\Users\Travis\Documents\Visual Studio 2012\Projects\PongSolution\Debug\PongServer.ilk
