Build started 3/17/2014 4:04:21 PM.
     1>Project "C:\Users\Travis\Documents\Visual Studio 2012\Projects\PongSolution\PongServer\PongServer.vcxproj" on node 2 (Build target(s)).
     1>ClCompile:
         C:\Program Files (x86)\Microsoft Visual Studio 11.0\VC\bin\CL.exe /c /I"C:\Users\Travis\Documents\Visual Studio 2012\Projects\PongSolution\PongServer\..\Middleware\include" /I"C:\Users\Travis\Documents\Visual Studio 2012\Projects\PongSolution\PongServer\..\PongLibrary" /ZI /nologo /W3 /WX- /Od /Oy- /D SFML_STATIC /D _MBCS /Gm /EHsc /RTC1 /MDd /GS /fp:precise /Zc:wchar_t /Zc:forScope /Fo"Debug\\" /Fd"Debug\vc110.pdb" /Gd /TP /analyze- /errorReport:prompt ClientHandler.cpp ServerStart.cpp SNetworkController.cpp ServerEngine.cpp
         ServerEngine.cpp
         SNetworkController.cpp
         ServerStart.cpp
         ClientHandler.cpp
         Generating Code...
       Link:
         C:\Program Files (x86)\Microsoft Visual Studio 11.0\VC\bin\link.exe /ERRORREPORT:PROMPT /OUT:"C:\Users\Travis\Documents\Visual Studio 2012\Projects\PongSolution\Debug\PongServer.exe" /INCREMENTAL /NOLOGO /LIBPATH:"C:\Users\Travis\Documents\Visual Studio 2012\Projects\PongSolution\PongServer\..\Middleware\lib" "sfml-graphics-s-d.lib" "sfml-network-s-d.lib" "sfml-system-s-d.lib" "sfml-audio-s-d.lib" "sfml-window-s-d.lib" kernel32.lib user32.lib gdi32.lib winspool.lib comdlg32.lib advapi32.lib shell32.lib ole32.lib oleaut32.lib uuid.lib odbc32.lib odbccp32.lib /MANIFEST /MANIFESTUAC:"level='asInvoker' uiAccess='false'" /manifest:embed /DEBUG /PDB:"C:\Users\Travis\Documents\Visual Studio 2012\Projects\PongSolution\Debug\PongServer.pdb" /TLBID:1 /DYNAMICBASE /NXCOMPAT /IMPLIB:"C:\Users\Travis\Documents\Visual Studio 2012\Projects\PongSolution\Debug\PongServer.lib" /MACHINE:X86 Debug\ClientHandler.obj
         Debug\ServerStart.obj
         Debug\SNetworkController.obj
         Debug\ServerEngine.obj
         "C:\Users\Travis\Documents\Visual Studio 2012\Projects\PongSolution\Debug\PongLibrary.lib"
     1>sfml-graphics-s-d.lib(Color.cpp.obj) : warning LNK4099: PDB 'sfml-graphics-s-d.pdb' was not found with 'sfml-graphics-s-d.lib(Color.cpp.obj)' or at 'C:\Users\Travis\Documents\Visual Studio 2012\Projects\PongSolution\Debug\sfml-graphics-s-d.pdb'; linking object as if no debug info
     1>sfml-graphics-s-d.lib(GLCheck.cpp.obj) : warning LNK4099: PDB 'sfml-graphics-s-d.pdb' was not found with 'sfml-graphics-s-d.lib(GLCheck.cpp.obj)' or at 'C:\Users\Travis\Documents\Visual Studio 2012\Projects\PongSolution\Debug\sfml-graphics-s-d.pdb'; linking object as if no debug info
     1>sfml-graphics-s-d.lib(Image.cpp.obj) : warning LNK4099: PDB 'sfml-graphics-s-d.pdb' was not found with 'sfml-graphics-s-d.lib(Image.cpp.obj)' or at 'C:\Users\Travis\Documents\Visual Studio 2012\Projects\PongSolution\Debug\sfml-graphics-s-d.pdb'; linking object as if no debug info
     1>sfml-graphics-s-d.lib(ImageLoader.cpp.obj) : warning LNK4099: PDB 'sfml-graphics-s-d.pdb' was not found with 'sfml-graphics-s-d.lib(ImageLoader.cpp.obj)' or at 'C:\Users\Travis\Documents\Visual Studio 2012\Projects\PongSolution\Debug\sfml-graphics-s-d.pdb'; linking object as if no debug info
     1>sfml-graphics-s-d.lib(RenderTarget.cpp.obj) : warning LNK4099: PDB 'sfml-graphics-s-d.pdb' was not found with 'sfml-graphics-s-d.lib(RenderTarget.cpp.obj)' or at 'C:\Users\Travis\Documents\Visual Studio 2012\Projects\PongSolution\Debug\sfml-graphics-s-d.pdb'; linking object as if no debug info
     1>sfml-graphics-s-d.lib(Shader.cpp.obj) : warning LNK4099: PDB 'sfml-graphics-s-d.pdb' was not found with 'sfml-graphics-s-d.lib(Shader.cpp.obj)' or at 'C:\Users\Travis\Documents\Visual Studio 2012\Projects\PongSolution\Debug\sfml-graphics-s-d.pdb'; linking object as if no debug info
     1>sfml-graphics-s-d.lib(Texture.cpp.obj) : warning LNK4099: PDB 'sfml-graphics-s-d.pdb' was not found with 'sfml-graphics-s-d.lib(Texture.cpp.obj)' or at 'C:\Users\Travis\Documents\Visual Studio 2012\Projects\PongSolution\Debug\sfml-graphics-s-d.pdb'; linking object as if no debug info
     1>sfml-graphics-s-d.lib(TextureSaver.cpp.obj) : warning LNK4099: PDB 'sfml-graphics-s-d.pdb' was not found with 'sfml-graphics-s-d.lib(TextureSaver.cpp.obj)' or at 'C:\Users\Travis\Documents\Visual Studio 2012\Projects\PongSolution\Debug\sfml-graphics-s-d.pdb'; linking object as if no debug info
     1>sfml-graphics-s-d.lib(Transform.cpp.obj) : warning LNK4099: PDB 'sfml-graphics-s-d.pdb' was not found with 'sfml-graphics-s-d.lib(Transform.cpp.obj)' or at 'C:\Users\Travis\Documents\Visual Studio 2012\Projects\PongSolution\Debug\sfml-graphics-s-d.pdb'; linking object as if no debug info
     1>sfml-graphics-s-d.lib(Transformable.cpp.obj) : warning LNK4099: PDB 'sfml-graphics-s-d.pdb' was not found with 'sfml-graphics-s-d.lib(Transformable.cpp.obj)' or at 'C:\Users\Travis\Documents\Visual Studio 2012\Projects\PongSolution\Debug\sfml-graphics-s-d.pdb'; linking object as if no debug info
     1>sfml-graphics-s-d.lib(View.cpp.obj) : warning LNK4099: PDB 'sfml-graphics-s-d.pdb' was not found with 'sfml-graphics-s-d.lib(View.cpp.obj)' or at 'C:\Users\Travis\Documents\Visual Studio 2012\Projects\PongSolution\Debug\sfml-graphics-s-d.pdb'; linking object as if no debug info
     1>sfml-graphics-s-d.lib(Vertex.cpp.obj) : warning LNK4099: PDB 'sfml-graphics-s-d.pdb' was not found with 'sfml-graphics-s-d.lib(Vertex.cpp.obj)' or at 'C:\Users\Travis\Documents\Visual Studio 2012\Projects\PongSolution\Debug\sfml-graphics-s-d.pdb'; linking object as if no debug info
     1>sfml-graphics-s-d.lib(Shape.cpp.obj) : warning LNK4099: PDB 'sfml-graphics-s-d.pdb' was not found with 'sfml-graphics-s-d.lib(Shape.cpp.obj)' or at 'C:\Users\Travis\Documents\Visual Studio 2012\Projects\PongSolution\Debug\sfml-graphics-s-d.pdb'; linking object as if no debug info
     1>sfml-graphics-s-d.lib(CircleShape.cpp.obj) : warning LNK4099: PDB 'sfml-graphics-s-d.pdb' was not found with 'sfml-graphics-s-d.lib(CircleShape.cpp.obj)' or at 'C:\Users\Travis\Documents\Visual Studio 2012\Projects\PongSolution\Debug\sfml-graphics-s-d.pdb'; linking object as if no debug info
     1>sfml-graphics-s-d.lib(RectangleShape.cpp.obj) : warning LNK4099: PDB 'sfml-graphics-s-d.pdb' was not found with 'sfml-graphics-s-d.lib(RectangleShape.cpp.obj)' or at 'C:\Users\Travis\Documents\Visual Studio 2012\Projects\PongSolution\Debug\sfml-graphics-s-d.pdb'; linking object as if no debug info
     1>sfml-graphics-s-d.lib(VertexArray.cpp.obj) : warning LNK4099: PDB 'sfml-graphics-s-d.pdb' was not found with 'sfml-graphics-s-d.lib(VertexArray.cpp.obj)' or at 'C:\Users\Travis\Documents\Visual Studio 2012\Projects\PongSolution\Debug\sfml-graphics-s-d.pdb'; linking object as if no debug info
     1>sfml-network-s-d.lib(Http.cpp.obj) : warning LNK4099: PDB 'sfml-network-s-d.pdb' was not found with 'sfml-network-s-d.lib(Http.cpp.obj)' or at 'C:\Users\Travis\Documents\Visual Studio 2012\Projects\PongSolution\Debug\sfml-network-s-d.pdb'; linking object as if no debug info
     1>sfml-network-s-d.lib(IpAddress.cpp.obj) : warning LNK4099: PDB 'sfml-network-s-d.pdb' was not found with 'sfml-network-s-d.lib(IpAddress.cpp.obj)' or at 'C:\Users\Travis\Documents\Visual Studio 2012\Projects\PongSolution\Debug\sfml-network-s-d.pdb'; linking object as if no debug info
     1>sfml-network-s-d.lib(Packet.cpp.obj) : warning LNK4099: PDB 'sfml-network-s-d.pdb' was not found with 'sfml-network-s-d.lib(Packet.cpp.obj)' or at 'C:\Users\Travis\Documents\Visual Studio 2012\Projects\PongSolution\Debug\sfml-network-s-d.pdb'; linking object as if no debug info
     1>sfml-network-s-d.lib(Socket.cpp.obj) : warning LNK4099: PDB 'sfml-network-s-d.pdb' was not found with 'sfml-network-s-d.lib(Socket.cpp.obj)' or at 'C:\Users\Travis\Documents\Visual Studio 2012\Projects\PongSolution\Debug\sfml-network-s-d.pdb'; linking object as if no debug info
     1>sfml-network-s-d.lib(TcpListener.cpp.obj) : warning LNK4099: PDB 'sfml-network-s-d.pdb' was not found with 'sfml-network-s-d.lib(TcpListener.cpp.obj)' or at 'C:\Users\Travis\Documents\Visual Studio 2012\Projects\PongSolution\Debug\sfml-network-s-d.pdb'; linking object as if no debug info
     1>sfml-network-s-d.lib(TcpSocket.cpp.obj) : warning LNK4099: PDB 'sfml-network-s-d.pdb' was not found with 'sfml-network-s-d.lib(TcpSocket.cpp.obj)' or at 'C:\Users\Travis\Documents\Visual Studio 2012\Projects\PongSolution\Debug\sfml-network-s-d.pdb'; linking object as if no debug info
     1>sfml-network-s-d.lib(SocketImpl.cpp.obj) : warning LNK4099: PDB 'sfml-network-s-d.pdb' was not found with 'sfml-network-s-d.lib(SocketImpl.cpp.obj)' or at 'C:\Users\Travis\Documents\Visual Studio 2012\Projects\PongSolution\Debug\sfml-network-s-d.pdb'; linking object as if no debug info
     1>sfml-system-s-d.lib(Clock.cpp.obj) : warning LNK4099: PDB 'sfml-system-s-d.pdb' was not found with 'sfml-system-s-d.lib(Clock.cpp.obj)' or at 'C:\Users\Travis\Documents\Visual Studio 2012\Projects\PongSolution\Debug\sfml-system-s-d.pdb'; linking object as if no debug info
     1>sfml-system-s-d.lib(Err.cpp.obj) : warning LNK4099: PDB 'sfml-system-s-d.pdb' was not found with 'sfml-system-s-d.lib(Err.cpp.obj)' or at 'C:\Users\Travis\Documents\Visual Studio 2012\Projects\PongSolution\Debug\sfml-system-s-d.pdb'; linking object as if no debug info
     1>sfml-system-s-d.lib(Lock.cpp.obj) : warning LNK4099: PDB 'sfml-system-s-d.pdb' was not found with 'sfml-system-s-d.lib(Lock.cpp.obj)' or at 'C:\Users\Travis\Documents\Visual Studio 2012\Projects\PongSolution\Debug\sfml-system-s-d.pdb'; linking object as if no debug info
     1>sfml-system-s-d.lib(Mutex.cpp.obj) : warning LNK4099: PDB 'sfml-system-s-d.pdb' was not found with 'sfml-system-s-d.lib(Mutex.cpp.obj)' or at 'C:\Users\Travis\Documents\Visual Studio 2012\Projects\PongSolution\Debug\sfml-system-s-d.pdb'; linking object as if no debug info
     1>sfml-system-s-d.lib(String.cpp.obj) : warning LNK4099: PDB 'sfml-system-s-d.pdb' was not found with 'sfml-system-s-d.lib(String.cpp.obj)' or at 'C:\Users\Travis\Documents\Visual Studio 2012\Projects\PongSolution\Debug\sfml-system-s-d.pdb'; linking object as if no debug info
     1>sfml-system-s-d.lib(Time.cpp.obj) : warning LNK4099: PDB 'sfml-system-s-d.pdb' was not found with 'sfml-system-s-d.lib(Time.cpp.obj)' or at 'C:\Users\Travis\Documents\Visual Studio 2012\Projects\PongSolution\Debug\sfml-system-s-d.pdb'; linking object as if no debug info
     1>sfml-system-s-d.lib(ClockImpl.cpp.obj) : warning LNK4099: PDB 'sfml-system-s-d.pdb' was not found with 'sfml-system-s-d.lib(ClockImpl.cpp.obj)' or at 'C:\Users\Travis\Documents\Visual Studio 2012\Projects\PongSolution\Debug\sfml-system-s-d.pdb'; linking object as if no debug info
     1>sfml-system-s-d.lib(MutexImpl.cpp.obj) : warning LNK4099: PDB 'sfml-system-s-d.pdb' was not found with 'sfml-system-s-d.lib(MutexImpl.cpp.obj)' or at 'C:\Users\Travis\Documents\Visual Studio 2012\Projects\PongSolution\Debug\sfml-system-s-d.pdb'; linking object as if no debug info
     1>sfml-window-s-d.lib(GlContext.cpp.obj) : warning LNK4099: PDB 'sfml-window-s-d.pdb' was not found with 'sfml-window-s-d.lib(GlContext.cpp.obj)' or at 'C:\Users\Travis\Documents\Visual Studio 2012\Projects\PongSolution\Debug\sfml-window-s-d.pdb'; linking object as if no debug info
     1>sfml-window-s-d.lib(GlResource.cpp.obj) : warning LNK4099: PDB 'sfml-window-s-d.pdb' was not found with 'sfml-window-s-d.lib(GlResource.cpp.obj)' or at 'C:\Users\Travis\Documents\Visual Studio 2012\Projects\PongSolution\Debug\sfml-window-s-d.pdb'; linking object as if no debug info
     1>sfml-window-s-d.lib(JoystickManager.cpp.obj) : warning LNK4099: PDB 'sfml-window-s-d.pdb' was not found with 'sfml-window-s-d.lib(JoystickManager.cpp.obj)' or at 'C:\Users\Travis\Documents\Visual Studio 2012\Projects\PongSolution\Debug\sfml-window-s-d.pdb'; linking object as if no debug info
     1>sfml-window-s-d.lib(VideoMode.cpp.obj) : warning LNK4099: PDB 'sfml-window-s-d.pdb' was not found with 'sfml-window-s-d.lib(VideoMode.cpp.obj)' or at 'C:\Users\Travis\Documents\Visual Studio 2012\Projects\PongSolution\Debug\sfml-window-s-d.pdb'; linking object as if no debug info
     1>sfml-window-s-d.lib(Window.cpp.obj) : warning LNK4099: PDB 'sfml-window-s-d.pdb' was not found with 'sfml-window-s-d.lib(Window.cpp.obj)' or at 'C:\Users\Travis\Documents\Visual Studio 2012\Projects\PongSolution\Debug\sfml-window-s-d.pdb'; linking object as if no debug info
     1>sfml-window-s-d.lib(WindowImpl.cpp.obj) : warning LNK4099: PDB 'sfml-window-s-d.pdb' was not found with 'sfml-window-s-d.lib(WindowImpl.cpp.obj)' or at 'C:\Users\Travis\Documents\Visual Studio 2012\Projects\PongSolution\Debug\sfml-window-s-d.pdb'; linking object as if no debug info
     1>sfml-window-s-d.lib(WglContext.cpp.obj) : warning LNK4099: PDB 'sfml-window-s-d.pdb' was not found with 'sfml-window-s-d.lib(WglContext.cpp.obj)' or at 'C:\Users\Travis\Documents\Visual Studio 2012\Projects\PongSolution\Debug\sfml-window-s-d.pdb'; linking object as if no debug info
     1>sfml-window-s-d.lib(JoystickImpl.cpp.obj) : warning LNK4099: PDB 'sfml-window-s-d.pdb' was not found with 'sfml-window-s-d.lib(JoystickImpl.cpp.obj)' or at 'C:\Users\Travis\Documents\Visual Studio 2012\Projects\PongSolution\Debug\sfml-window-s-d.pdb'; linking object as if no debug info
     1>sfml-window-s-d.lib(VideoModeImpl.cpp.obj) : warning LNK4099: PDB 'sfml-window-s-d.pdb' was not found with 'sfml-window-s-d.lib(VideoModeImpl.cpp.obj)' or at 'C:\Users\Travis\Documents\Visual Studio 2012\Projects\PongSolution\Debug\sfml-window-s-d.pdb'; linking object as if no debug info
     1>sfml-window-s-d.lib(WindowImplWin32.cpp.obj) : warning LNK4099: PDB 'sfml-window-s-d.pdb' was not found with 'sfml-window-s-d.lib(WindowImplWin32.cpp.obj)' or at 'C:\Users\Travis\Documents\Visual Studio 2012\Projects\PongSolution\Debug\sfml-window-s-d.pdb'; linking object as if no debug info
     1>PongLibrary.lib(ThreadLocalImpl.cpp.obj) : warning LNK4099: PDB 'sfml-system-s-d.pdb' was not found with 'PongLibrary.lib(ThreadLocalImpl.cpp.obj)' or at 'C:\Users\Travis\Documents\Visual Studio 2012\Projects\PongSolution\Debug\sfml-system-s-d.pdb'; linking object as if no debug info
     1>PongLibrary.lib(SleepImpl.cpp.obj) : warning LNK4099: PDB 'sfml-system-s-d.pdb' was not found with 'PongLibrary.lib(SleepImpl.cpp.obj)' or at 'C:\Users\Travis\Documents\Visual Studio 2012\Projects\PongSolution\Debug\sfml-system-s-d.pdb'; linking object as if no debug info
     1>PongLibrary.lib(ThreadLocal.cpp.obj) : warning LNK4099: PDB 'sfml-system-s-d.pdb' was not found with 'PongLibrary.lib(ThreadLocal.cpp.obj)' or at 'C:\Users\Travis\Documents\Visual Studio 2012\Projects\PongSolution\Debug\sfml-system-s-d.pdb'; linking object as if no debug info
     1>PongLibrary.lib(Sleep.cpp.obj) : warning LNK4099: PDB 'sfml-system-s-d.pdb' was not found with 'PongLibrary.lib(Sleep.cpp.obj)' or at 'C:\Users\Travis\Documents\Visual Studio 2012\Projects\PongSolution\Debug\sfml-system-s-d.pdb'; linking object as if no debug info
         PongServer.vcxproj -> C:\Users\Travis\Documents\Visual Studio 2012\Projects\PongSolution\Debug\PongServer.exe
     1>Done Building Project "C:\Users\Travis\Documents\Visual Studio 2012\Projects\PongSolution\PongServer\PongServer.vcxproj" (Build target(s)).

Build succeeded.

Time Elapsed 00:00:04.07
