C:\USERS\TRAVIS\DOCUMENTS\VISUAL STUDIO 2012\PROJECTS\PONGSOLUTION\PONGLIBRARY\RELEASE\TIMESYNC.OBJ
C:\USERS\TRAVIS\DOCUMENTS\VISUAL STUDIO 2012\PROJECTS\PONGSOLUTION\PONGLIBRARY\RELEASE\PADDLEUPDATE.OBJ
C:\USERS\TRAVIS\DOCUMENTS\VISUAL STUDIO 2012\PROJECTS\PONGSOLUTION\PONGLIBRARY\RELEASE\PADDLE.OBJ
C:\USERS\TRAVIS\DOCUMENTS\VISUAL STUDIO 2012\PROJECTS\PONGSOLUTION\PONGLIBRARY\RELEASE\HEALTHPACK.OBJ
C:\USERS\TRAVIS\DOCUMENTS\VISUAL STUDIO 2012\PROJECTS\PONGSOLUTION\PONGLIBRARY\RELEASE\GAMEDATA.OBJ
C:\USERS\TRAVIS\DOCUMENTS\VISUAL STUDIO 2012\PROJECTS\PONGSOLUTION\PONGLIBRARY\RELEASE\CALCULATOR.OBJ
C:\USERS\TRAVIS\DOCUMENTS\VISUAL STUDIO 2012\PROJECTS\PONGSOLUTION\PONGLIBRARY\RELEASE\BALL.OBJ
C:\USERS\TRAVIS\DOCUMENTS\VISUAL STUDIO 2012\PROJECTS\PONGSOLUTION\PONGLIBRARY\RELEASE\VC110.PDB
C:\USERS\TRAVIS\DOCUMENTS\VISUAL STUDIO 2012\PROJECTS\PONGSOLUTION\RELEASE\PONGLIBRARY.LIB
C:\Users\Travis\Documents\Visual Studio 2012\Projects\PongSolution\PongLibrary\Release\Ball.obj
C:\Users\Travis\Documents\Visual Studio 2012\Projects\PongSolution\PongLibrary\Release\Calculator.obj
C:\Users\Travis\Documents\Visual Studio 2012\Projects\PongSolution\PongLibrary\Release\GameData.obj
C:\Users\Travis\Documents\Visual Studio 2012\Projects\PongSolution\PongLibrary\Release\HealthPack.obj
C:\Users\Travis\Documents\Visual Studio 2012\Projects\PongSolution\PongLibrary\Release\Paddle.obj
C:\Users\Travis\Documents\Visual Studio 2012\Projects\PongSolution\PongLibrary\Release\PaddleUpdate.obj
C:\Users\Travis\Documents\Visual Studio 2012\Projects\PongSolution\PongLibrary\Release\TimeSync.obj
C:\Users\Travis\Documents\Visual Studio 2012\Projects\PongSolution\PongLibrary\Release\cl.command.1.tlog
C:\Users\Travis\Documents\Visual Studio 2012\Projects\PongSolution\PongLibrary\Release\CL.read.1.tlog
C:\Users\Travis\Documents\Visual Studio 2012\Projects\PongSolution\PongLibrary\Release\CL.write.1.tlog
C:\Users\Travis\Documents\Visual Studio 2012\Projects\PongSolution\PongLibrary\Release\Lib-link.read.1.tlog
C:\Users\Travis\Documents\Visual Studio 2012\Projects\PongSolution\PongLibrary\Release\Lib-link.write.1.tlog
C:\Users\Travis\Documents\Visual Studio 2012\Projects\PongSolution\PongLibrary\Release\lib.command.1.tlog
C:\Users\Travis\Documents\Visual Studio 2012\Projects\PongSolution\PongLibrary\Release\vc110.pdb
C:\Users\Travis\Documents\Visual Studio 2012\Projects\PongSolution\Release\PongLibrary.lib
